Arguments: 
  /home/ben/.nvm/versions/node/v16.13.2/bin/node /home/ben/.nvm/versions/node/v16.13.2/bin/yarn global bin

PATH: 
  /home/ben/.nvm/versions/node/v16.13.2/bin:/usr/local/sbin:/usr/local/bin:/usr/sbin:/usr/bin:/sbin:/bin:/usr/games:/usr/local/games:/snap/bin:/snap/bin:/home/ben/Android/Sdk/emulator:/home/ben/Android/Sdk/platform-tools:/home/ben/Library/Android/Sdk/emulator:/home/ben/Library/Android/Sdk/platform-tools:/opt/yarn-[version]/bin

Yarn version: 
  1.22.19

Node version: 
  16.13.2

Platform: 
  linux x64

Trace: 
  SyntaxError: /home/ben/Documents/Automatización/api-protected/package.json: Unexpected token } in JSON at position 219
      at JSON.parse (<anonymous>)
      at /home/ben/.nvm/versions/node/v16.13.2/lib/node_modules/yarn/lib/cli.js:1629:59
      at Generator.next (<anonymous>)
      at step (/home/ben/.nvm/versions/node/v16.13.2/lib/node_modules/yarn/lib/cli.js:310:30)
      at /home/ben/.nvm/versions/node/v16.13.2/lib/node_modules/yarn/lib/cli.js:321:13

npm manifest: 
  {
    "name": "api-protected",
    "version": "1.0.0",
    "description": "circuit-breaker pattern",
    "main": "app.js",
    "scripts": {
      "test": "echo \"Error: no test specified\" && exit 1",
      "start": "node app.js",
    },
    "author": "Benjamin",
    "license": "ISC",
    "dependencies": {
      "axios": "^1.3.4",
      "opossum": "^7.1.0"
    }
  }

yarn manifest: 
  No manifest

Lockfile: 
  No lockfile
